<?xml version="1.0" encoding="UTF-8"?>
<!-- Generated by org.testng.reporters.JUnitReportReporter -->
<testsuite hostname="MSI" failures="0" tests="1" name="com.qa.testpages.testdriver" time="9.698" errors="0" timestamp="06 Jun 2023 10:35:00 GMT" skipped="0">
  <testcase classname="com.qa.testpages.testdriver" name="testone" time="9.698"/>
</testsuite> <!-- com.qa.testpages.testdriver -->
